<?xml version="1.0" encoding="UTF-8" ?>
<testsuite tests="24" failures="0" name="compropago.sdk.UnitTest" time="24.205" errors="0" skipped="0">
  <properties>
[...]
</properties>
  <testcase classname="compropago.sdk.UnitTest" name="testCreateClient" time="0.008"/>
  <testcase classname="compropago.sdk.UnitTest" name="testEvalAuth" time="0.457"/>
  <testcase classname="compropago.sdk.UnitTest" name="testServiceCreateWebhook" time="0.168"/>
  <testcase classname="compropago.sdk.UnitTest" name="testServiceDeleteWebhook" time="0.362"/>
  <testcase classname="compropago.sdk.UnitTest" name="testServiceListWebhooks" time="0.178"/>
  <testcase classname="compropago.sdk.UnitTest" name="testServicePlaceOrder7Eleven" time="0.975"/>
  <testcase classname="compropago.sdk.UnitTest" name="testServicePlaceOrderCasaLey" time="2.098"/>
  <testcase classname="compropago.sdk.UnitTest" name="testServicePlaceOrderCoppel" time="1.027"/>
  <testcase classname="compropago.sdk.UnitTest" name="testServicePlaceOrderDefault" time="1.8"/>
  <testcase classname="compropago.sdk.UnitTest" name="testServicePlaceOrderElektra" time="2.252"/>
  <testcase classname="compropago.sdk.UnitTest" name="testServicePlaceOrderExtra" time="1.38"/>
  <testcase classname="compropago.sdk.UnitTest" name="testServicePlaceOrderFarmaciaABC" time="1.393"/>
  <testcase classname="compropago.sdk.UnitTest" name="testServicePlaceOrderFarmaciaEsquivar" time="2.547"/>
  <testcase classname="compropago.sdk.UnitTest" name="testServicePlaceOrderOxxo" time="1.234"/>
  <testcase classname="compropago.sdk.UnitTest" name="testServicePlaceOrderPitico" time="2.269"/>
  <testcase classname="compropago.sdk.UnitTest" name="testServicePlaceOrderTelecomm" time="1.413"/>
  <testcase classname="compropago.sdk.UnitTest" name="testServiceProviders" time="0.135"/>
  <testcase classname="compropago.sdk.UnitTest" name="testServiceProvidersAuth" time="0.196"/>
  <testcase classname="compropago.sdk.UnitTest" name="testServiceProvidersAuthFetch" time="0.198"/>
  <testcase classname="compropago.sdk.UnitTest" name="testServiceProvidersAuthLimit" time="0.212"/>
  <testcase classname="compropago.sdk.UnitTest" name="testServiceProvidersLimit" time="0.115"/>
  <testcase classname="compropago.sdk.UnitTest" name="testServiceSms" time="1.91"/>
  <testcase classname="compropago.sdk.UnitTest" name="testServiceUpdateWebhook" time="0.34"/>
  <testcase classname="compropago.sdk.UnitTest" name="testServiceVerifyOrder" time="1.371"/>
</testsuite>